2020-09-12 20:53:56: 1
2020-09-12 20:54:02: 1
2020-09-12 21:00:32: 1
2020-09-12 21:01:16: 1
2020-09-12 21:03:03: 2
2020-09-12 22:19:05: [0mGET /api/user/info [31m500 [0m11766.033 ms - 168[0m
2020-09-12 22:19:15: [0mGET /api/user/info [31m500 [0m10006.291 ms - 168[0m
2020-09-12 22:19:55: [0mPOST /api/user/login [31m500 [0m10151.885 ms - 168[0m
2020-09-12 22:21:43: [0mGET /api/article/getArticleList [33m404 [0m3.093 ms - 160[0m
2020-09-12 22:21:43: [0mGET /stylesheets/style.css [32m200 [0m42.987 ms - 111[0m
2020-09-12 22:21:43: [0mGET /favicon.ico [33m401 [0m2.271 ms - 36[0m
2020-09-12 22:21:44: [0mGET /stylesheets/style.css [36m304 [0m2.135 ms - -[0m
2020-09-12 22:31:28: [0mGET /api/article/getArticleList [33m404 [0m1.528 ms - 160[0m
2020-09-12 22:31:29: [0mGET /stylesheets/style.css [36m304 [0m2.263 ms - -[0m
2020-09-12 22:31:29: [0mGET /favicon.ico [33m401 [0m0.806 ms - 36[0m
2020-09-13 01:07:14: [0mPOST /api/article/getBlogDetail [32m200 [0m251.897 ms - 1641[0m
2020-09-13 01:07:14: [0mPOST /api/comment/getCommentsList [32m200 [0m60.793 ms - 197[0m
2020-09-13 01:07:14: [0mGET /api/user/info [36m304 [0m120.581 ms - -[0m
2020-09-13 01:07:14: [0mGET /api/user/info [36m304 [0m23.537 ms - -[0m
2020-09-13 01:07:14: [0mGET /uploads/20200911/1599833626030.jpeg [36m304 [0m7.800 ms - -[0m
2020-09-13 01:11:58: [0mPOST /api/article/getMyBlogList [0m- [0m- ms - -[0m
2020-09-13 01:12:08: [0mGET /api/user/info [0m- [0m- ms - -[0m
2020-09-13 01:12:08: [0mPOST /api/article/getMyBlogList [0m- [0m- ms - -[0m
2020-09-13 01:12:19: [0mPOST /api/user/login [32m200 [0m19.282 ms - 373[0m
2020-09-13 01:12:19: [0mPOST /api/article/getArticleList [32m200 [0m22.621 ms - 1643[0m
2020-09-13 01:12:19: [0mGET /api/user/info [32m200 [0m23.524 ms - 125[0m
2020-09-13 01:12:21: [0mPOST /api/article/getMyBlogList [32m200 [0m24.698 ms - 1643[0m
2020-09-13 01:12:23: [0mPOST /api/article/getBlogDetail [32m200 [0m23.183 ms - 1641[0m
2020-09-13 01:12:29: [0mPOST /api/article/getMyBlogList [32m200 [0m42.647 ms - 1643[0m
2020-09-13 01:12:30: [0mPOST /api/article/getBlogDetail [32m200 [0m19.000 ms - 1641[0m
2020-09-13 01:12:30: [0mPOST /api/comment/getCommentsList [32m200 [0m21.830 ms - 197[0m
2020-09-13 01:12:30: [0mGET /api/user/info [36m304 [0m47.737 ms - -[0m
2020-09-13 01:12:30: [0mGET /uploads/20200911/1599833626030.jpeg [36m304 [0m0.911 ms - -[0m
